E:\OPENCV_CONFIG TOOL\OPENCV-64-TBB\SAMPLES\YXSDK\DEBUG\YXSDK.EXE
E:\OPENCV_CONFIG TOOL\OPENCV-64-TBB\SAMPLES\YXSDK\DEBUG\YXSDK.ILK
E:\OPENCV_CONFIG TOOL\OPENCV-64-TBB\SAMPLES\YXSDK\DEBUG\YXSDK.PDB
E:\opencv_config tool\opencv-64-tbb\samples\yxsdk\yxsdk\Debug\cl.command.1.tlog
E:\opencv_config tool\opencv-64-tbb\samples\yxsdk\yxsdk\Debug\CL.read.1.tlog
E:\opencv_config tool\opencv-64-tbb\samples\yxsdk\yxsdk\Debug\CL.write.1.tlog
E:\opencv_config tool\opencv-64-tbb\samples\yxsdk\yxsdk\Debug\link.7008.read.1.tlog
E:\opencv_config tool\opencv-64-tbb\samples\yxsdk\yxsdk\Debug\link.7008.write.1.tlog
E:\opencv_config tool\opencv-64-tbb\samples\yxsdk\yxsdk\Debug\link.7008-cvtres.read.1.tlog
E:\opencv_config tool\opencv-64-tbb\samples\yxsdk\yxsdk\Debug\link.7008-cvtres.write.1.tlog
E:\opencv_config tool\opencv-64-tbb\samples\yxsdk\yxsdk\Debug\link.command.1.tlog
E:\opencv_config tool\opencv-64-tbb\samples\yxsdk\yxsdk\Debug\link.read.1.tlog
E:\opencv_config tool\opencv-64-tbb\samples\yxsdk\yxsdk\Debug\link.write.1.tlog
E:\opencv_config tool\opencv-64-tbb\samples\yxsdk\yxsdk\Debug\link-cvtres.read.1.tlog
E:\opencv_config tool\opencv-64-tbb\samples\yxsdk\yxsdk\Debug\link-cvtres.write.1.tlog
E:\opencv_config tool\opencv-64-tbb\samples\yxsdk\yxsdk\Debug\mt.command.1.tlog
E:\opencv_config tool\opencv-64-tbb\samples\yxsdk\yxsdk\Debug\mt.read.1.tlog
E:\opencv_config tool\opencv-64-tbb\samples\yxsdk\yxsdk\Debug\mt.write.1.tlog
E:\opencv_config tool\opencv-64-tbb\samples\yxsdk\yxsdk\Debug\rc.command.1.tlog
E:\opencv_config tool\opencv-64-tbb\samples\yxsdk\yxsdk\Debug\rc.read.1.tlog
E:\opencv_config tool\opencv-64-tbb\samples\yxsdk\yxsdk\Debug\rc.write.1.tlog
E:\OPENCV_CONFIG TOOL\OPENCV-64-TBB\SAMPLES\YXSDK\YXSDK\DEBUG\STDAFX.OBJ
E:\opencv_config tool\opencv-64-tbb\samples\yxsdk\yxsdk\Debug\vc100.idb
E:\OPENCV_CONFIG TOOL\OPENCV-64-TBB\SAMPLES\YXSDK\YXSDK\DEBUG\VC100.PDB
E:\OPENCV_CONFIG TOOL\OPENCV-64-TBB\SAMPLES\YXSDK\YXSDK\DEBUG\YXSDK.EXE.EMBED.MANIFEST
E:\OPENCV_CONFIG TOOL\OPENCV-64-TBB\SAMPLES\YXSDK\YXSDK\DEBUG\YXSDK.EXE.EMBED.MANIFEST.RES
E:\OPENCV_CONFIG TOOL\OPENCV-64-TBB\SAMPLES\YXSDK\YXSDK\DEBUG\YXSDK.EXE.INTERMEDIATE.MANIFEST
E:\OPENCV_CONFIG TOOL\OPENCV-64-TBB\SAMPLES\YXSDK\YXSDK\DEBUG\YXSDK.OBJ
E:\OPENCV_CONFIG TOOL\OPENCV-64-TBB\SAMPLES\YXSDK\YXSDK\DEBUG\YXSDK.PCH
E:\opencv_config tool\opencv-64-tbb\samples\yxsdk\yxsdk\Debug\yxsdk_manifest.rc
