E:\YX_PYF\P1_无人机避障项目资料\YXSDK_32_NEW\BIN\STEREOVIDEOSDK-32BIT.EXE
E:\YX_PYF\P1_无人机避障项目资料\YXSDK_32_NEW\BIN\STEREOVIDEOSDK-32BIT.ILK
E:\YX_PYF\P1_无人机避障项目资料\YXSDK_32_NEW\DEBUG\STEREOVIDEOSDK-32BIT.PDB
E:\yx_pyf\P1_无人机避障项目资料\yxsdk_32_new\yxsdk\Debug\cl.command.1.tlog
E:\yx_pyf\P1_无人机避障项目资料\yxsdk_32_new\yxsdk\Debug\CL.read.1.tlog
E:\yx_pyf\P1_无人机避障项目资料\yxsdk_32_new\yxsdk\Debug\CL.write.1.tlog
E:\yx_pyf\P1_无人机避障项目资料\yxsdk_32_new\yxsdk\Debug\link.6352.read.1.tlog
E:\yx_pyf\P1_无人机避障项目资料\yxsdk_32_new\yxsdk\Debug\link.6352.write.1.tlog
E:\yx_pyf\P1_无人机避障项目资料\yxsdk_32_new\yxsdk\Debug\link.6352-cvtres.read.1.tlog
E:\yx_pyf\P1_无人机避障项目资料\yxsdk_32_new\yxsdk\Debug\link.6352-cvtres.write.1.tlog
E:\yx_pyf\P1_无人机避障项目资料\yxsdk_32_new\yxsdk\Debug\link.command.1.tlog
E:\yx_pyf\P1_无人机避障项目资料\yxsdk_32_new\yxsdk\Debug\link.read.1.tlog
E:\yx_pyf\P1_无人机避障项目资料\yxsdk_32_new\yxsdk\Debug\link.write.1.tlog
E:\yx_pyf\P1_无人机避障项目资料\yxsdk_32_new\yxsdk\Debug\link-cvtres.read.1.tlog
E:\yx_pyf\P1_无人机避障项目资料\yxsdk_32_new\yxsdk\Debug\link-cvtres.write.1.tlog
E:\yx_pyf\P1_无人机避障项目资料\yxsdk_32_new\yxsdk\Debug\mt.command.1.tlog
E:\yx_pyf\P1_无人机避障项目资料\yxsdk_32_new\yxsdk\Debug\mt.read.1.tlog
E:\yx_pyf\P1_无人机避障项目资料\yxsdk_32_new\yxsdk\Debug\mt.write.1.tlog
E:\YX_PYF\P1_无人机避障项目资料\YXSDK_32_NEW\YXSDK\DEBUG\PUSHBROOM-STEREO.OBJ
E:\yx_pyf\P1_无人机避障项目资料\yxsdk_32_new\yxsdk\Debug\rc.command.1.tlog
E:\yx_pyf\P1_无人机避障项目资料\yxsdk_32_new\yxsdk\Debug\rc.read.1.tlog
E:\yx_pyf\P1_无人机避障项目资料\yxsdk_32_new\yxsdk\Debug\rc.write.1.tlog
E:\YX_PYF\P1_无人机避障项目资料\YXSDK_32_NEW\YXSDK\DEBUG\STDAFX.OBJ
E:\YX_PYF\P1_无人机避障项目资料\YXSDK_32_NEW\YXSDK\DEBUG\STEREOVIDEOSDK-32BIT.EXE.EMBED.MANIFEST
E:\YX_PYF\P1_无人机避障项目资料\YXSDK_32_NEW\YXSDK\DEBUG\STEREOVIDEOSDK-32BIT.EXE.EMBED.MANIFEST.RES
E:\YX_PYF\P1_无人机避障项目资料\YXSDK_32_NEW\YXSDK\DEBUG\STEREOVIDEOSDK-32BIT.EXE.INTERMEDIATE.MANIFEST
E:\YX_PYF\P1_无人机避障项目资料\YXSDK_32_NEW\YXSDK\DEBUG\STEREOVIDEOSDK-32BIT.PCH
E:\yx_pyf\P1_无人机避障项目资料\yxsdk_32_new\yxsdk\Debug\stereoVideoSDK-32Bit.write.1.tlog
E:\yx_pyf\P1_无人机避障项目资料\yxsdk_32_new\yxsdk\Debug\stereoVideoSDK-32Bit_manifest.rc
E:\yx_pyf\P1_无人机避障项目资料\yxsdk_32_new\yxsdk\Debug\vc100.idb
E:\YX_PYF\P1_无人机避障项目资料\YXSDK_32_NEW\YXSDK\DEBUG\VC100.PDB
E:\YX_PYF\P1_无人机避障项目资料\YXSDK_32_NEW\YXSDK\DEBUG\YXSDK.OBJ
