生成启动时间为 2016/3/4 16:54:53。
     1>项目“E:\yx_pyf\P1_无人机避障项目资料\yxsdk_32_new\yxsdk\yxsdk.vcxproj”在节点 2 上(build 个目标)。
     1>InitializeBuildStatus:
         正在创建“Debug\stereoVideoSDK-32Bit.unsuccessfulbuild”，因为已指定“AlwaysCreate”。
       ClCompile:
         所有输出均为最新。
         D:\Program Files\Microsoft Visual Studio 10.0\VC\bin\CL.exe /c /I.\include /I.\include\opencv /I.\include\opencv2 /ZI /nologo /W3 /WX- /Od /Oy- /D WIN32 /D _DEBUG /D _CONSOLE /D _UNICODE /D UNICODE /Gm /EHsc /RTC1 /MDd /GS /fp:precise /Zc:wchar_t /Zc:forScope /Yu"StdAfx.h" /Fp"Debug\stereoVideoSDK-32Bit.pch" /Fo"Debug\\" /Fd"Debug\vc100.pdb" /Gd /TP /analyze- /errorReport:prompt "pushbroom-stereo.cpp"
         pushbroom-stereo.cpp
     1>e:\yx_pyf\p1_无人机避障项目资料\yxsdk_32_new\yxsdk\include\opencv2\core\mat.hpp(1965): warning C4819: 该文件包含不能在当前代码页(936)中表示的字符。请将该文件保存为 Unicode 格式以防止数据丢失
     1>e:\yx_pyf\p1_无人机避障项目资料\yxsdk_32_new\yxsdk\include\opencv2\core\persistence.hpp : warning C4819: 该文件包含不能在当前代码页(936)中表示的字符。请将该文件保存为 Unicode 格式以防止数据丢失
     1>e:\yx_pyf\p1_无人机避障项目资料\yxsdk_32_new\yxsdk\include\opencv2\core\mat.hpp(1965): warning C4819: 该文件包含不能在当前代码页(936)中表示的字符。请将该文件保存为 Unicode 格式以防止数据丢失
     1>e:\yx_pyf\p1_无人机避障项目资料\yxsdk_32_new\yxsdk\include\opencv2\core\utility.hpp : warning C4819: 该文件包含不能在当前代码页(936)中表示的字符。请将该文件保存为 Unicode 格式以防止数据丢失
     1>e:\yx_pyf\p1_无人机避障项目资料\yxsdk_32_new\yxsdk\include\opencv2\core\utility.hpp : warning C4819: 该文件包含不能在当前代码页(936)中表示的字符。请将该文件保存为 Unicode 格式以防止数据丢失
     1>e:\yx_pyf\p1_无人机避障项目资料\yxsdk_32_new\yxsdk\pushbroom-stereo.cpp(118): warning C4244: “参数”: 从“int”转换到“float”，可能丢失数据
     1>e:\yx_pyf\p1_无人机避障项目资料\yxsdk_32_new\yxsdk\pushbroom-stereo.cpp(118): warning C4244: “参数”: 从“double”转换到“float”，可能丢失数据
     1>e:\yx_pyf\p1_无人机避障项目资料\yxsdk_32_new\yxsdk\pushbroom-stereo.cpp(118): warning C4244: “参数”: 从“double”转换到“float”，可能丢失数据
     1>e:\yx_pyf\p1_无人机避障项目资料\yxsdk_32_new\yxsdk\pushbroom-stereo.cpp(344): warning C4244: “return”: 从“float”转换到“int”，可能丢失数据
       ManifestResourceCompile:
         所有输出均为最新。
     1>C:\Program Files\MSBuild\Microsoft.Cpp\v4.0\Microsoft.CppBuild.targets(990,5): warning MSB8012: TargetPath(E:\yx_pyf\P1_无人机避障项目资料\yxsdk_32_new\Debug\stereoVideoSDK-32Bit.exe) 与 Linker 的 OutputFile 属性值(E:\yx_pyf\P1_无人机避障项目资料\yxsdk_32_new\bin\stereoVideoSDK-32Bit.exe)不匹配。这可能导致项目生成不正确。若要更正此问题，请确保 $(OutDir)、$(TargetName) 和 $(TargetExt) 属性值与 %(Link.OutputFile) 中指定的值匹配。
       Link:
         D:\Program Files\Microsoft Visual Studio 10.0\VC\bin\link.exe /ERRORREPORT:PROMPT /OUT:"E:\yx_pyf\P1_无人机避障项目资料\yxsdk_32_new\Debug\../bin/stereoVideoSDK-32Bit.exe" /INCREMENTAL /NOLOGO /LIBPATH:lib PlayerSDK.lib NVSource.lib opencv_ts300d.lib opencv_core300d.lib opencv_highgui300d.lib opencv_imgproc300d.lib opencv_calib3d300d.lib opencv_video300d.lib opencv_videoio300d.lib opencv_imgcodecs300d.lib kernel32.lib user32.lib gdi32.lib winspool.lib comdlg32.lib advapi32.lib shell32.lib ole32.lib oleaut32.lib uuid.lib odbc32.lib odbccp32.lib /MANIFEST /ManifestFile:"Debug\stereoVideoSDK-32Bit.exe.intermediate.manifest" /MANIFESTUAC:"level='asInvoker' uiAccess='false'" /DEBUG /PDB:"E:\yx_pyf\P1_无人机避障项目资料\yxsdk_32_new\Debug\stereoVideoSDK-32Bit.pdb" /SUBSYSTEM:CONSOLE /TLBID:1 /DYNAMICBASE /NXCOMPAT /IMPLIB:"E:\yx_pyf\P1_无人机避障项目资料\yxsdk_32_new\Debug\stereoVideoSDK-32Bit.lib" /MACHINE:X86 "Debug\stereoVideoSDK-32Bit.exe.embed.manifest.res"
         "Debug\pushbroom-stereo.obj"
         Debug\stdafx.obj
         Debug\yxsdk.obj
       Manifest:
         C:\Program Files\Microsoft SDKs\Windows\v7.0A\bin\mt.exe /nologo /verbose /out:"Debug\stereoVideoSDK-32Bit.exe.embed.manifest" /manifest "Debug\stereoVideoSDK-32Bit.exe.intermediate.manifest"
         所有输出均为最新。
       LinkEmbedManifest:
         所有输出均为最新。
         yxsdk.vcxproj -> E:\yx_pyf\P1_无人机避障项目资料\yxsdk_32_new\Debug\stereoVideoSDK-32Bit.exe
       FinalizeBuildStatus:
         正在删除文件“Debug\stereoVideoSDK-32Bit.unsuccessfulbuild”。
         正在对“Debug\stereoVideoSDK-32Bit.lastbuildstate”执行 Touch 任务。
     1>已完成生成项目“E:\yx_pyf\P1_无人机避障项目资料\yxsdk_32_new\yxsdk\yxsdk.vcxproj”(build 个目标)的操作。

生成成功。

已用时间 00:00:01.85
