生成启动时间为 2015/12/21 17:24:06。
     1>项目“E:\opencv_config tool\opencv-64-tbb\samples\yxsdk\yxsdk\yxsdk.vcxproj”在节点 2 上(build 个目标)。
     1>InitializeBuildStatus:
         正在对“x64\Debug\stereoVideoSDK.unsuccessfulbuild”执行 Touch 任务。
       ClCompile:
         所有输出均为最新。
         D:\Program Files (x86)\Microsoft Visual Studio 10.0\VC\bin\x86_amd64\CL.exe /c /Zi /nologo /W3 /WX- /Od /D WIN32 /D _DEBUG /D _CONSOLE /D _UNICODE /D UNICODE /Gm /EHsc /RTC1 /MDd /GS /fp:precise /Zc:wchar_t /Zc:forScope /Yu"StdAfx.h" /Fp"x64\Debug\stereoVideoSDK.pch" /Fo"x64\Debug\\" /Fd"x64\Debug\vc100.pdb" /Gd /TP /errorReport:prompt yxsdk.cpp
         yxsdk.cpp
     1>E:\workInfo\opencv\build\include\opencv2\core\utility.hpp : warning C4819: 该文件包含不能在当前代码页(936)中表示的字符。请将该文件保存为 Unicode 格式以防止数据丢失
     1>E:\workInfo\opencv\build\include\opencv2/core/mat.hpp(1965): warning C4819: 该文件包含不能在当前代码页(936)中表示的字符。请将该文件保存为 Unicode 格式以防止数据丢失
     1>E:\workInfo\opencv\build\include\opencv2/core/persistence.hpp : warning C4819: 该文件包含不能在当前代码页(936)中表示的字符。请将该文件保存为 Unicode 格式以防止数据丢失
     1>E:\workInfo\opencv\build\include\opencv2/core/mat.hpp(1965): warning C4819: 该文件包含不能在当前代码页(936)中表示的字符。请将该文件保存为 Unicode 格式以防止数据丢失
     1>E:\workInfo\opencv\build\include\opencv2/core/utility.hpp : warning C4819: 该文件包含不能在当前代码页(936)中表示的字符。请将该文件保存为 Unicode 格式以防止数据丢失
     1>E:\workInfo\opencv\build\include\opencv2/core/utility.hpp : warning C4819: 该文件包含不能在当前代码页(936)中表示的字符。请将该文件保存为 Unicode 格式以防止数据丢失
     1>yxsdk.cpp(234): warning C4244: “初始化”: 从“double”转换到“long”，可能丢失数据
     1>yxsdk.cpp(242): warning C4244: “=”: 从“double”转换到“int”，可能丢失数据
     1>yxsdk.cpp(243): warning C4244: “=”: 从“double”转换到“int”，可能丢失数据
       ManifestResourceCompile:
         所有输出均为最新。
       Link:
         D:\Program Files (x86)\Microsoft Visual Studio 10.0\VC\bin\x86_amd64\link.exe /ERRORREPORT:PROMPT /OUT:"E:\opencv_config tool\opencv-64-tbb\samples\yxsdk\x64\Debug\stereoVideoSDK.exe" /INCREMENTAL /NOLOGO /LIBPATH:"E:\opencv_config tool\opencv-64-tbb\samples\yxsdk\dll" PlayerSDK.lib NVSource.lib E:\workInfo\opencv\build\x64\vc12\lib\opencv_ts300d.lib E:\workInfo\opencv\build\x64\vc12\lib\opencv_world300d.lib kernel32.lib user32.lib gdi32.lib winspool.lib comdlg32.lib advapi32.lib shell32.lib ole32.lib oleaut32.lib uuid.lib odbc32.lib odbccp32.lib /MANIFEST /ManifestFile:"x64\Debug\stereoVideoSDK.exe.intermediate.manifest" /MANIFESTUAC:"level='asInvoker' uiAccess='false'" /DEBUG /PDB:"E:\opencv_config tool\opencv-64-tbb\samples\yxsdk\x64\Debug\stereoVideoSDK.pdb" /SUBSYSTEM:CONSOLE /TLBID:1 /DYNAMICBASE /NXCOMPAT /IMPLIB:"E:\opencv_config tool\opencv-64-tbb\samples\yxsdk\x64\Debug\stereoVideoSDK.lib" /MACHINE:X64 x64\Debug\stereoVideoSDK.exe.embed.manifest.res
         x64\Debug\stdafx.obj
         x64\Debug\yxsdk.obj
         yxsdk.vcxproj -> E:\opencv_config tool\opencv-64-tbb\samples\yxsdk\x64\Debug\stereoVideoSDK.exe
       Manifest:
         c:\Program Files (x86)\Microsoft SDKs\Windows\v7.0A\bin\mt.exe /nologo /verbose /out:"x64\Debug\stereoVideoSDK.exe.embed.manifest" /manifest x64\Debug\stereoVideoSDK.exe.intermediate.manifest
         c:\Program Files (x86)\Microsoft SDKs\Windows\v7.0A\bin\rc.exe /nologo /fo"x64\Debug\stereoVideoSDK.exe.embed.manifest.res" x64\Debug\stereoVideoSDK_manifest.rc 
       LinkEmbedManifest:
         D:\Program Files (x86)\Microsoft Visual Studio 10.0\VC\bin\x86_amd64\link.exe /ERRORREPORT:PROMPT /OUT:"E:\opencv_config tool\opencv-64-tbb\samples\yxsdk\x64\Debug\stereoVideoSDK.exe" /INCREMENTAL /NOLOGO /LIBPATH:"E:\opencv_config tool\opencv-64-tbb\samples\yxsdk\dll" PlayerSDK.lib NVSource.lib E:\workInfo\opencv\build\x64\vc12\lib\opencv_ts300d.lib E:\workInfo\opencv\build\x64\vc12\lib\opencv_world300d.lib kernel32.lib user32.lib gdi32.lib winspool.lib comdlg32.lib advapi32.lib shell32.lib ole32.lib oleaut32.lib uuid.lib odbc32.lib odbccp32.lib /MANIFEST /ManifestFile:"x64\Debug\stereoVideoSDK.exe.intermediate.manifest" /MANIFESTUAC:"level='asInvoker' uiAccess='false'" /DEBUG /PDB:"E:\opencv_config tool\opencv-64-tbb\samples\yxsdk\x64\Debug\stereoVideoSDK.pdb" /SUBSYSTEM:CONSOLE /TLBID:1 /DYNAMICBASE /NXCOMPAT /IMPLIB:"E:\opencv_config tool\opencv-64-tbb\samples\yxsdk\x64\Debug\stereoVideoSDK.lib" /MACHINE:X64 x64\Debug\stereoVideoSDK.exe.embed.manifest.res
         x64\Debug\stdafx.obj
         x64\Debug\yxsdk.obj
         yxsdk.vcxproj -> E:\opencv_config tool\opencv-64-tbb\samples\yxsdk\x64\Debug\stereoVideoSDK.exe
       FinalizeBuildStatus:
         正在删除文件“x64\Debug\stereoVideoSDK.unsuccessfulbuild”。
         正在对“x64\Debug\stereoVideoSDK.lastbuildstate”执行 Touch 任务。
     1>已完成生成项目“E:\opencv_config tool\opencv-64-tbb\samples\yxsdk\yxsdk\yxsdk.vcxproj”(build 个目标)的操作。

生成成功。

已用时间 00:00:02.16
